# JRE version: OpenJDK Runtime Environment (8.0_202) (build 1.8.0_202-release-1483-b49-5587405)
# Java VM: OpenJDK 64-Bit Server VM (25.202-b49-5587405 mixed mode linux-amd64 compressed oops)
Heap:
 PSYoungGen      total 287232K, used 23233K [0x00000000e0000000, 0x00000000f3f80000, 0x0000000100000000)
  eden space 257536K, 0% used [0x00000000e0000000,0x00000000e0000000,0x00000000efb80000)
  from space 29696K, 78% used [0x00000000efb80000,0x00000000f12306e8,0x00000000f1880000)
  to   space 21504K, 0% used [0x00000000f1880000,0x00000000f1880000,0x00000000f2d80000)
 ParOldGen       total 99840K, used 32991K [0x00000000a0000000, 0x00000000a6180000, 0x00000000e0000000)
  object space 99840K, 33% used [0x00000000a0000000,0x00000000a2037ce0,0x00000000a6180000)
 Metaspace       used 56546K, capacity 59024K, committed 59028K, reserved 1099776K
  class space    used 7740K, capacity 8446K, committed 8448K, reserved 1048576K
GC Heap History (10 events):
Event: 9.724 GC heap after
Heap after GC invocations=6 (full 1):
 PSYoungGen      total 128000K, used 5120K [0x00000000e0000000, 0x00000000ed480000, 0x0000000100000000)
  eden space 122880K, 0% used [0x00000000e0000000,0x00000000e0000000,0x00000000e7800000)
  from space 5120K, 100% used [0x00000000e7800000,0x00000000e7d00000,0x00000000e7d00000)
  to   space 15872K, 0% used [0x00000000ec500000,0x00000000ec500000,0x00000000ed480000)
 ParOldGen       total 65536K, used 18671K [0x00000000a0000000, 0x00000000a4000000, 0x00000000e0000000)
  object space 65536K, 28% used [0x00000000a0000000,0x00000000a123bf10,0x00000000a4000000)
 Metaspace       used 30594K, capacity 30974K, committed 31232K, reserved 1077248K
  class space    used 4190K, capacity 4333K, committed 4352K, reserved 1048576K
}
Event: 12.599 GC heap before
{Heap before GC invocations=7 (full 1):
 PSYoungGen      total 128000K, used 85226K [0x00000000e0000000, 0x00000000ed480000, 0x0000000100000000)
  eden space 122880K, 65% used [0x00000000e0000000,0x00000000e4e3a960,0x00000000e7800000)
  from space 5120K, 100% used [0x00000000e7800000,0x00000000e7d00000,0x00000000e7d00000)
  to   space 15872K, 0% used [0x00000000ec500000,0x00000000ec500000,0x00000000ed480000)
 ParOldGen       total 65536K, used 18671K [0x00000000a0000000, 0x00000000a4000000, 0x00000000e0000000)
  object space 65536K, 28% used [0x00000000a0000000,0x00000000a123bf10,0x00000000a4000000)
 Metaspace       used 34543K, capacity 35390K, committed 35416K, reserved 1079296K
  class space    used 4724K, capacity 4977K, committed 4992K, reserved 1048576K
Event: 12.653 GC heap after
Heap after GC invocations=7 (full 1):
 PSYoungGen      total 200704K, used 12073K [0x00000000e0000000, 0x00000000ed680000, 0x0000000100000000)
  eden space 184832K, 0% used [0x00000000e0000000,0x00000000e0000000,0x00000000eb480000)
  from space 15872K, 76% used [0x00000000ec500000,0x00000000ed0ca718,0x00000000ed480000)
  to   space 16896K, 0% used [0x00000000eb480000,0x00000000eb480000,0x00000000ec500000)
 ParOldGen       total 65536K, used 18679K [0x00000000a0000000, 0x00000000a4000000, 0x00000000e0000000)
  object space 65536K, 28% used [0x00000000a0000000,0x00000000a123df10,0x00000000a4000000)
 Metaspace       used 34543K, capacity 35390K, committed 35416K, reserved 1079296K
  class space    used 4724K, capacity 4977K, committed 4992K, reserved 1048576K
}
Event: 12.653 GC heap before
{Heap before GC invocations=8 (full 2):
 PSYoungGen      total 200704K, used 12073K [0x00000000e0000000, 0x00000000ed680000, 0x0000000100000000)
  eden space 184832K, 0% used [0x00000000e0000000,0x00000000e0000000,0x00000000eb480000)
  from space 15872K, 76% used [0x00000000ec500000,0x00000000ed0ca718,0x00000000ed480000)
  to   space 16896K, 0% used [0x00000000eb480000,0x00000000eb480000,0x00000000ec500000)
 ParOldGen       total 65536K, used 18679K [0x00000000a0000000, 0x00000000a4000000, 0x00000000e0000000)
  object space 65536K, 28% used [0x00000000a0000000,0x00000000a123df10,0x00000000a4000000)
 Metaspace       used 34543K, capacity 35390K, committed 35416K, reserved 1079296K
  class space    used 4724K, capacity 4977K, committed 4992K, reserved 1048576K
Event: 12.825 GC heap after
Heap after GC invocations=8 (full 2):
 PSYoungGen      total 200704K, used 0K [0x00000000e0000000, 0x00000000ed680000, 0x0000000100000000)
  eden space 184832K, 0% used [0x00000000e0000000,0x00000000e0000000,0x00000000eb480000)
  from space 15872K, 0% used [0x00000000ec500000,0x00000000ec500000,0x00000000ed480000)
  to   space 16896K, 0% used [0x00000000eb480000,0x00000000eb480000,0x00000000ec500000)
 ParOldGen       total 99840K, used 19233K [0x00000000a0000000, 0x00000000a6180000, 0x00000000e0000000)
  object space 99840K, 19% used [0x00000000a0000000,0x00000000a12c85d0,0x00000000a6180000)
 Metaspace       used 34536K, capacity 35366K, committed 35416K, reserved 1079296K
  class space    used 4722K, capacity 4973K, committed 4992K, reserved 1048576K
}
Event: 17.412 GC heap before
{Heap before GC invocations=9 (full 2):
 PSYoungGen      total 200704K, used 184832K [0x00000000e0000000, 0x00000000ed680000, 0x0000000100000000)
  eden space 184832K, 100% used [0x00000000e0000000,0x00000000eb480000,0x00000000eb480000)
  from space 15872K, 0% used [0x00000000ec500000,0x00000000ec500000,0x00000000ed480000)
  to   space 16896K, 0% used [0x00000000eb480000,0x00000000eb480000,0x00000000ec500000)
 ParOldGen       total 99840K, used 19233K [0x00000000a0000000, 0x00000000a6180000, 0x00000000e0000000)
  object space 99840K, 19% used [0x00000000a0000000,0x00000000a12c85d0,0x00000000a6180000)
 Metaspace       used 47916K, capacity 49388K, committed 49624K, reserved 1091584K
  class space    used 6481K, capacity 6911K, committed 6912K, reserved 1048576K
Event: 17.467 GC heap after
Heap after GC invocations=9 (full 2):
 PSYoungGen      total 201728K, used 16888K [0x00000000e0000000, 0x00000000f2d80000, 0x0000000100000000)
  eden space 184832K, 0% used [0x00000000e0000000,0x00000000e0000000,0x00000000eb480000)
  from space 16896K, 99% used [0x00000000eb480000,0x00000000ec4fe3c0,0x00000000ec500000)
  to   space 21504K, 0% used [0x00000000f1880000,0x00000000f1880000,0x00000000f2d80000)
 ParOldGen       total 99840K, used 22596K [0x00000000a0000000, 0x00000000a6180000, 0x00000000e0000000)
  object space 99840K, 22% used [0x00000000a0000000,0x00000000a1611088,0x00000000a6180000)
 Metaspace       used 47916K, capacity 49388K, committed 49624K, reserved 1091584K
  class space    used 6481K, capacity 6911K, committed 6912K, reserved 1048576K
}
Event: 22.824 GC heap before
{Heap before GC invocations=10 (full 2):
 PSYoungGen      total 201728K, used 201720K [0x00000000e0000000, 0x00000000f2d80000, 0x0000000100000000)
  eden space 184832K, 100% used [0x00000000e0000000,0x00000000eb480000,0x00000000eb480000)
  from space 16896K, 99% used [0x00000000eb480000,0x00000000ec4fe3c0,0x00000000ec500000)
  to   space 21504K, 0% used [0x00000000f1880000,0x00000000f1880000,0x00000000f2d80000)
 ParOldGen       total 99840K, used 22596K [0x00000000a0000000, 0x00000000a6180000, 0x00000000e0000000)
  object space 99840K, 22% used [0x00000000a0000000,0x00000000a1611088,0x00000000a6180000)
 Metaspace       used 56242K, capacity 58520K, committed 58840K, reserved 1099776K
  class space    used 7708K, capacity 8350K, committed 8448K, reserved 1048576K
Event: 22.930 GC heap after
Heap after GC invocations=10 (full 2):
 PSYoungGen      total 279040K, used 21489K [0x00000000e0000000, 0x00000000f3f80000, 0x0000000100000000)
  eden space 257536K, 0% used [0x00000000e0000000,0x00000000e0000000,0x00000000efb80000)
  from space 21504K, 99% used [0x00000000f1880000,0x00000000f2d7c6e8,0x00000000f2d80000)
  to   space 29696K, 0% used [0x00000000efb80000,0x00000000efb80000,0x00000000f1880000)
 ParOldGen       total 99840K, used 32919K [0x00000000a0000000, 0x00000000a6180000, 0x00000000e0000000)
  object space 99840K, 32% used [0x00000000a0000000,0x00000000a2025cd0,0x00000000a6180000)
 Metaspace       used 56242K, capacity 58520K, committed 58840K, reserved 1099776K
  class space    used 7708K, capacity 8350K, committed 8448K, reserved 1048576K
}
Event: 23.669 GC heap before
{Heap before GC invocations=11 (full 2):
 PSYoungGen      total 279040K, used 38010K [0x00000000e0000000, 0x00000000f3f80000, 0x0000000100000000)
  eden space 257536K, 6% used [0x00000000e0000000,0x00000000e1022420,0x00000000efb80000)
  from space 21504K, 99% used [0x00000000f1880000,0x00000000f2d7c6e8,0x00000000f2d80000)
  to   space 29696K, 0% used [0x00000000efb80000,0x00000000efb80000,0x00000000f1880000)
 ParOldGen       total 99840K, used 32919K [0x00000000a0000000, 0x00000000a6180000, 0x00000000e0000000)
  object space 99840K, 32% used [0x00000000a0000000,0x00000000a2025cd0,0x00000000a6180000)
 Metaspace       used 56546K, capacity 59024K, committed 59028K, reserved 1099776K
  class space    used 7740K, capacity 8446K, committed 8448K, reserved 1048576K

